2025-04-27T01:11:05.231+03:00  INFO 10821 --- [task.manager] [main] com.barmao.task.manager.Application      : Starting Application using Java 17.0.14 with PID 10821 (/home/barmao/SourceSafe/task.manager/build/classes/java/main started by barmao in /home/barmao/SourceSafe/task.manager)
2025-04-27T01:11:05.243+03:00  INFO 10821 --- [task.manager] [main] com.barmao.task.manager.Application      : No active profile set, falling back to 1 default profile: "default"
2025-04-27T01:11:09.505+03:00  INFO 10821 --- [task.manager] [main] o.s.b.w.embedded.tomcat.TomcatWebServer  : Tomcat initialized with port 8080 (http)
2025-04-27T01:11:09.544+03:00  INFO 10821 --- [task.manager] [main] o.apache.catalina.core.StandardService   : Starting service [Tomcat]
2025-04-27T01:11:09.546+03:00  INFO 10821 --- [task.manager] [main] o.apache.catalina.core.StandardEngine    : Starting Servlet engine: [Apache Tomcat/10.1.40]
2025-04-27T01:11:09.676+03:00  INFO 10821 --- [task.manager] [main] o.a.c.c.C.[Tomcat].[localhost].[/]       : Initializing Spring embedded WebApplicationContext
2025-04-27T01:11:09.678+03:00  INFO 10821 --- [task.manager] [main] w.s.c.ServletWebServerApplicationContext : Root WebApplicationContext: initialization completed in 4236 ms
2025-04-27T01:11:11.736+03:00  INFO 10821 --- [task.manager] [main] o.s.b.a.e.web.EndpointLinksResolver      : Exposing 3 endpoints beneath base path '/actuator'
2025-04-27T01:11:11.942+03:00  INFO 10821 --- [task.manager] [main] o.s.b.w.embedded.tomcat.TomcatWebServer  : Tomcat started on port 8080 (http) with context path '/'
2025-04-27T01:11:12.008+03:00  INFO 10821 --- [task.manager] [main] com.barmao.task.manager.Application      : Started Application in 8.756 seconds (process running for 9.857)
2025-04-27T01:12:10.111+03:00  INFO 10821 --- [task.manager] [http-nio-8080-exec-1] o.a.c.c.C.[Tomcat].[localhost].[/]       : Initializing Spring DispatcherServlet 'dispatcherServlet'
2025-04-27T01:12:10.112+03:00  INFO 10821 --- [task.manager] [http-nio-8080-exec-1] o.s.web.servlet.DispatcherServlet        : Initializing Servlet 'dispatcherServlet'
2025-04-27T01:12:10.116+03:00  INFO 10821 --- [task.manager] [http-nio-8080-exec-1] o.s.web.servlet.DispatcherServlet        : Completed initialization in 3 ms
2025-04-27T01:12:10.403+03:00  INFO 10821 --- [task.manager] [TaskThread-1] c.b.t.m.s.loadtest.LoadTestService       : Starting load test: 100 tasks at 60 tasks/minute
2025-04-27T01:12:10.409+03:00  INFO 10821 --- [task.manager] [TaskThread-1] c.b.t.m.s.loadtest.LoadTestService       : Task interval: 1000.0ms, Batch size: 1, Batch interval: 1000.0ms
2025-04-27T01:13:49.424+03:00  INFO 10821 --- [task.manager] [TaskThread-1] c.b.t.m.s.loadtest.LoadTestService       : Generated 100 tasks out of 100
2025-04-27T01:13:50.424+03:00  INFO 10821 --- [task.manager] [TaskThread-1] c.b.t.m.s.loadtest.LoadTestService       : Load test completed: Generated 100 tasks in 100.015 seconds (59.99100134979753 tasks/minute)
2025-04-27T01:15:38.960+03:00  WARN 10821 --- [task.manager] [http-nio-8080-exec-4] .w.s.m.s.DefaultHandlerExceptionResolver : Resolved [org.springframework.web.context.request.async.AsyncRequestTimeoutException]
2025-04-27T01:27:00.437+03:00  INFO 10821 --- [task.manager] [SpringApplicationShutdownHook] o.s.b.w.e.tomcat.GracefulShutdown        : Commencing graceful shutdown. Waiting for active requests to complete
2025-04-27T01:27:00.452+03:00  INFO 10821 --- [task.manager] [tomcat-shutdown] o.s.b.w.e.tomcat.GracefulShutdown        : Graceful shutdown complete
2025-04-27T01:27:24.195+03:00  INFO 12238 --- [task.manager] [main] com.barmao.task.manager.Application      : Starting Application using Java 17.0.14 with PID 12238 (/home/barmao/SourceSafe/task.manager/build/classes/java/main started by barmao in /home/barmao/SourceSafe/task.manager)
2025-04-27T01:27:24.205+03:00  INFO 12238 --- [task.manager] [main] com.barmao.task.manager.Application      : No active profile set, falling back to 1 default profile: "default"
2025-04-27T01:27:28.043+03:00  INFO 12238 --- [task.manager] [main] o.s.b.w.embedded.tomcat.TomcatWebServer  : Tomcat initialized with port 8080 (http)
2025-04-27T01:27:28.081+03:00  INFO 12238 --- [task.manager] [main] o.apache.catalina.core.StandardService   : Starting service [Tomcat]
2025-04-27T01:27:28.083+03:00  INFO 12238 --- [task.manager] [main] o.apache.catalina.core.StandardEngine    : Starting Servlet engine: [Apache Tomcat/10.1.40]
2025-04-27T01:27:28.243+03:00  INFO 12238 --- [task.manager] [main] o.a.c.c.C.[Tomcat].[localhost].[/]       : Initializing Spring embedded WebApplicationContext
2025-04-27T01:27:28.244+03:00  INFO 12238 --- [task.manager] [main] w.s.c.ServletWebServerApplicationContext : Root WebApplicationContext: initialization completed in 3814 ms
2025-04-27T01:27:30.313+03:00  INFO 12238 --- [task.manager] [main] o.s.b.a.e.web.EndpointLinksResolver      : Exposing 3 endpoints beneath base path '/actuator'
2025-04-27T01:27:30.483+03:00  INFO 12238 --- [task.manager] [main] o.s.b.w.embedded.tomcat.TomcatWebServer  : Tomcat started on port 8080 (http) with context path '/'
2025-04-27T01:27:30.538+03:00  INFO 12238 --- [task.manager] [main] com.barmao.task.manager.Application      : Started Application in 7.932 seconds (process running for 8.795)
2025-04-27T01:28:24.309+03:00  INFO 12238 --- [task.manager] [http-nio-8080-exec-1] o.a.c.c.C.[Tomcat].[localhost].[/]       : Initializing Spring DispatcherServlet 'dispatcherServlet'
2025-04-27T01:28:24.310+03:00  INFO 12238 --- [task.manager] [http-nio-8080-exec-1] o.s.web.servlet.DispatcherServlet        : Initializing Servlet 'dispatcherServlet'
2025-04-27T01:28:24.314+03:00  INFO 12238 --- [task.manager] [http-nio-8080-exec-1] o.s.web.servlet.DispatcherServlet        : Completed initialization in 3 ms
2025-04-27T01:28:55.916+03:00  INFO 12238 --- [task.manager] [TaskThread-3] c.b.t.m.s.loadtest.LoadTestService       : Starting load test: 100 tasks at 60 tasks/minute
2025-04-27T01:28:55.920+03:00  INFO 12238 --- [task.manager] [TaskThread-3] c.b.t.m.s.loadtest.LoadTestService       : Task interval: 1000.0ms, Batch size: 1, Batch interval: 1000.0ms
2025-04-27T01:30:34.937+03:00  INFO 12238 --- [task.manager] [TaskThread-3] c.b.t.m.s.loadtest.LoadTestService       : Generated 100 tasks out of 100
2025-04-27T01:30:35.937+03:00  INFO 12238 --- [task.manager] [TaskThread-3] c.b.t.m.s.loadtest.LoadTestService       : Load test completed: Generated 100 tasks in 100.017 seconds (59.98980173370527 tasks/minute)
2025-04-27T02:13:20.570+03:00  INFO 12238 --- [task.manager] [SpringApplicationShutdownHook] o.s.b.w.e.tomcat.GracefulShutdown        : Commencing graceful shutdown. Waiting for active requests to complete
2025-04-27T02:13:20.589+03:00  INFO 12238 --- [task.manager] [tomcat-shutdown] o.s.b.w.e.tomcat.GracefulShutdown        : Graceful shutdown complete
2025-04-27T02:26:41.658+03:00  INFO 16453 --- [task.manager] [main] com.barmao.task.manager.Application      : Starting Application using Java 17.0.14 with PID 16453 (/home/barmao/SourceSafe/task.manager/build/classes/java/main started by barmao in /home/barmao/SourceSafe/task.manager)
2025-04-27T02:26:41.665+03:00  INFO 16453 --- [task.manager] [main] com.barmao.task.manager.Application      : No active profile set, falling back to 1 default profile: "default"
2025-04-27T02:26:44.282+03:00  INFO 16453 --- [task.manager] [main] .s.d.r.c.RepositoryConfigurationDelegate : Bootstrapping Spring Data JPA repositories in DEFAULT mode.
2025-04-27T02:26:44.444+03:00  INFO 16453 --- [task.manager] [main] .s.d.r.c.RepositoryConfigurationDelegate : Finished Spring Data repository scanning in 136 ms. Found 1 JPA repository interface.
2025-04-27T02:26:46.718+03:00  INFO 16453 --- [task.manager] [main] o.s.b.w.embedded.tomcat.TomcatWebServer  : Tomcat initialized with port 8080 (http)
2025-04-27T02:26:46.759+03:00  INFO 16453 --- [task.manager] [main] o.apache.catalina.core.StandardService   : Starting service [Tomcat]
2025-04-27T02:26:46.761+03:00  INFO 16453 --- [task.manager] [main] o.apache.catalina.core.StandardEngine    : Starting Servlet engine: [Apache Tomcat/10.1.40]
2025-04-27T02:26:46.905+03:00  INFO 16453 --- [task.manager] [main] o.a.c.c.C.[Tomcat].[localhost].[/]       : Initializing Spring embedded WebApplicationContext
2025-04-27T02:26:46.907+03:00  INFO 16453 --- [task.manager] [main] w.s.c.ServletWebServerApplicationContext : Root WebApplicationContext: initialization completed in 5112 ms
2025-04-27T02:26:47.870+03:00  INFO 16453 --- [task.manager] [main] o.hibernate.jpa.internal.util.LogHelper  : HHH000204: Processing PersistenceUnitInfo [name: default]
2025-04-27T02:26:48.003+03:00  INFO 16453 --- [task.manager] [main] org.hibernate.Version                    : HHH000412: Hibernate ORM core version 6.6.13.Final
2025-04-27T02:26:48.114+03:00  INFO 16453 --- [task.manager] [main] o.h.c.internal.RegionFactoryInitiator    : HHH000026: Second-level cache disabled
2025-04-27T02:26:48.901+03:00  INFO 16453 --- [task.manager] [main] o.s.o.j.p.SpringPersistenceUnitInfo      : No LoadTimeWeaver setup: ignoring JPA class transformer
2025-04-27T02:26:48.983+03:00  INFO 16453 --- [task.manager] [main] com.zaxxer.hikari.HikariDataSource       : HikariPool-1 - Starting...
2025-04-27T02:26:49.529+03:00  INFO 16453 --- [task.manager] [main] com.zaxxer.hikari.pool.HikariPool        : HikariPool-1 - Added connection conn0: url=jdbc:h2:file:./taskdb user=SA
2025-04-27T02:26:49.535+03:00  INFO 16453 --- [task.manager] [main] com.zaxxer.hikari.HikariDataSource       : HikariPool-1 - Start completed.
2025-04-27T02:26:49.601+03:00  WARN 16453 --- [task.manager] [main] org.hibernate.orm.deprecation            : HHH90000025: H2Dialect does not need to be specified explicitly using 'hibernate.dialect' (remove the property setting and it will be selected by default)
2025-04-27T02:26:49.665+03:00  INFO 16453 --- [task.manager] [main] org.hibernate.orm.connections.pooling    : HHH10001005: Database info:
	Database JDBC URL [Connecting through datasource 'HikariDataSource (HikariPool-1)']
	Database driver: undefined/unknown
	Database version: 2.3.232
	Autocommit mode: undefined/unknown
	Isolation level: undefined/unknown
	Minimum pool size: undefined/unknown
	Maximum pool size: undefined/unknown
2025-04-27T02:26:51.903+03:00  INFO 16453 --- [task.manager] [main] o.h.e.t.j.p.i.JtaPlatformInitiator       : HHH000489: No JTA platform available (set 'hibernate.transaction.jta.platform' to enable JTA platform integration)
2025-04-27T02:26:52.067+03:00  INFO 16453 --- [task.manager] [main] j.LocalContainerEntityManagerFactoryBean : Initialized JPA EntityManagerFactory for persistence unit 'default'
2025-04-27T02:26:53.558+03:00  WARN 16453 --- [task.manager] [main] JpaBaseConfiguration$JpaWebConfiguration : spring.jpa.open-in-view is enabled by default. Therefore, database queries may be performed during view rendering. Explicitly configure spring.jpa.open-in-view to disable this warning
2025-04-27T02:26:55.329+03:00  INFO 16453 --- [task.manager] [main] o.s.b.a.h2.H2ConsoleAutoConfiguration    : H2 console available at '/h2-console'. Database available at 'jdbc:h2:file:./taskdb'
2025-04-27T02:26:55.522+03:00  INFO 16453 --- [task.manager] [main] o.s.b.a.e.web.EndpointLinksResolver      : Exposing 3 endpoints beneath base path '/actuator'
2025-04-27T02:26:55.812+03:00  INFO 16453 --- [task.manager] [main] o.s.b.w.embedded.tomcat.TomcatWebServer  : Tomcat started on port 8080 (http) with context path '/'
2025-04-27T02:26:56.041+03:00  INFO 16453 --- [task.manager] [main] o.apache.activemq.broker.BrokerService   : Using Persistence Adapter: MemoryPersistenceAdapter
2025-04-27T02:26:56.042+03:00  INFO 16453 --- [task.manager] [main] o.apache.activemq.broker.BrokerService   : Starting Persistence Adapter: MemoryPersistenceAdapter
2025-04-27T02:26:56.043+03:00  INFO 16453 --- [task.manager] [main] o.apache.activemq.broker.BrokerService   : Starting Temp Data Store
2025-04-27T02:26:56.044+03:00  INFO 16453 --- [task.manager] [main] o.apache.activemq.broker.BrokerService   : Starting Job Scheduler Store
2025-04-27T02:26:56.044+03:00  INFO 16453 --- [task.manager] [main] o.apache.activemq.broker.BrokerService   : Persistence Adapter successfully started
2025-04-27T02:26:56.262+03:00  INFO 16453 --- [task.manager] [main] o.apache.activemq.broker.BrokerService   : Apache ActiveMQ 6.1.6 (embedded, ID:barmao-Latitude-7490-36237-1745710016087-0:1) is starting
2025-04-27T02:26:56.282+03:00  INFO 16453 --- [task.manager] [main] o.apache.activemq.broker.BrokerService   : Apache ActiveMQ 6.1.6 (embedded, ID:barmao-Latitude-7490-36237-1745710016087-0:1) started
2025-04-27T02:26:56.283+03:00  INFO 16453 --- [task.manager] [main] o.apache.activemq.broker.BrokerService   : For help or more information please see: http://activemq.apache.org
2025-04-27T02:26:56.344+03:00  INFO 16453 --- [task.manager] [main] o.a.activemq.broker.TransportConnector   : Connector vm://embedded started
2025-04-27T02:26:56.504+03:00  INFO 16453 --- [task.manager] [main] com.barmao.task.manager.Application      : Started Application in 16.319 seconds (process running for 17.426)
2025-04-27T02:27:33.896+03:00  INFO 16453 --- [task.manager] [http-nio-8080-exec-1] o.a.c.c.C.[Tomcat].[localhost].[/]       : Initializing Spring DispatcherServlet 'dispatcherServlet'
2025-04-27T02:27:33.897+03:00  INFO 16453 --- [task.manager] [http-nio-8080-exec-1] o.s.web.servlet.DispatcherServlet        : Initializing Servlet 'dispatcherServlet'
2025-04-27T02:27:33.903+03:00  INFO 16453 --- [task.manager] [http-nio-8080-exec-1] o.s.web.servlet.DispatcherServlet        : Completed initialization in 5 ms
2025-04-27T02:35:43.944+03:00  INFO 16453 --- [task.manager] [ActiveMQ ShutdownHook] o.apache.activemq.broker.BrokerService   : Apache ActiveMQ 6.1.6 (embedded, ID:barmao-Latitude-7490-36237-1745710016087-0:1) is shutting down
2025-04-27T02:35:43.974+03:00  INFO 16453 --- [task.manager] [ActiveMQ ShutdownHook] o.a.activemq.broker.TransportConnector   : Connector vm://embedded stopped
2025-04-27T02:35:43.960+03:00  INFO 16453 --- [task.manager] [ActiveMQ Connection Executor: vm://embedded#0] o.s.j.c.CachingConnectionFactory         : Encountered a JMSException - resetting the underlying JMS Connection

jakarta.jms.JMSException: peer (vm://embedded#1) stopped.
	at org.apache.activemq.util.JMSExceptionSupport.create(JMSExceptionSupport.java:67) ~[activemq-client-6.1.6.jar:6.1.6]
	at org.apache.activemq.ActiveMQConnection.onAsyncException(ActiveMQConnection.java:2033) ~[activemq-client-6.1.6.jar:6.1.6]
	at org.apache.activemq.ActiveMQConnection.onException(ActiveMQConnection.java:2052) ~[activemq-client-6.1.6.jar:6.1.6]
	at org.apache.activemq.transport.TransportFilter.onException(TransportFilter.java:114) ~[activemq-client-6.1.6.jar:6.1.6]
	at org.apache.activemq.transport.ResponseCorrelator.onException(ResponseCorrelator.java:126) ~[activemq-client-6.1.6.jar:6.1.6]
	at org.apache.activemq.transport.TransportFilter.onException(TransportFilter.java:114) ~[activemq-client-6.1.6.jar:6.1.6]
	at org.apache.activemq.transport.vm.VMTransport.stop(VMTransport.java:233) ~[activemq-broker-6.1.6.jar:6.1.6]
	at org.apache.activemq.transport.TransportFilter.stop(TransportFilter.java:72) ~[activemq-client-6.1.6.jar:6.1.6]
	at org.apache.activemq.transport.TransportFilter.stop(TransportFilter.java:72) ~[activemq-client-6.1.6.jar:6.1.6]
	at org.apache.activemq.transport.ResponseCorrelator.stop(ResponseCorrelator.java:132) ~[activemq-client-6.1.6.jar:6.1.6]
	at org.apache.activemq.broker.TransportConnection.doStop(TransportConnection.java:1204) ~[activemq-broker-6.1.6.jar:6.1.6]
	at org.apache.activemq.broker.TransportConnection$4.run(TransportConnection.java:1170) ~[activemq-broker-6.1.6.jar:6.1.6]
	at java.base/java.util.concurrent.ThreadPoolExecutor.runWorker(ThreadPoolExecutor.java:1136) ~[na:na]
	at java.base/java.util.concurrent.ThreadPoolExecutor$Worker.run(ThreadPoolExecutor.java:635) ~[na:na]
	at java.base/java.lang.Thread.run(Thread.java:840) ~[na:na]
Caused by: org.apache.activemq.transport.TransportDisposedIOException: peer (vm://embedded#1) stopped.
	... 9 common frames omitted

2025-04-27T02:35:43.982+03:00  WARN 16453 --- [task.manager] [org.springframework.jms.JmsListenerEndpointContainer#2-1] o.s.j.l.DefaultMessageListenerContainer  : Setup of JMS message listener invoker failed for destination 'task-completed' - trying to recover. Cause: The Session is closed
2025-04-27T02:35:43.983+03:00  WARN 16453 --- [task.manager] [org.springframework.jms.JmsListenerEndpointContainer#1-1] o.s.j.l.DefaultMessageListenerContainer  : Setup of JMS message listener invoker failed for destination 'task-processing' - trying to recover. Cause: The Session is closed
2025-04-27T02:35:43.984+03:00  WARN 16453 --- [task.manager] [ActiveMQ Connection Executor: vm://embedded#0] o.s.j.c.CachingConnectionFactory         : Could not close shared JMS Connection

jakarta.jms.JMSException: Disposed due to prior exception
	at org.apache.activemq.util.JMSExceptionSupport.create(JMSExceptionSupport.java:91) ~[activemq-client-6.1.6.jar:6.1.6]
	at org.apache.activemq.ActiveMQConnection.syncSendPacket(ActiveMQConnection.java:1483) ~[activemq-client-6.1.6.jar:6.1.6]
	at org.apache.activemq.ActiveMQConnection.close(ActiveMQConnection.java:729) ~[activemq-client-6.1.6.jar:6.1.6]
	at org.springframework.jms.connection.SingleConnectionFactory.closeConnection(SingleConnectionFactory.java:582) ~[spring-jms-6.2.6.jar:6.2.6]
	at org.springframework.jms.connection.SingleConnectionFactory.resetConnection(SingleConnectionFactory.java:560) ~[spring-jms-6.2.6.jar:6.2.6]
	at org.springframework.jms.connection.CachingConnectionFactory.resetConnection(CachingConnectionFactory.java:234) ~[spring-jms-6.2.6.jar:6.2.6]
	at org.springframework.jms.connection.SingleConnectionFactory.onException(SingleConnectionFactory.java:356) ~[spring-jms-6.2.6.jar:6.2.6]
	at org.springframework.jms.connection.SingleConnectionFactory$AggregatedExceptionListener.onException(SingleConnectionFactory.java:826) ~[spring-jms-6.2.6.jar:6.2.6]
	at org.apache.activemq.ActiveMQConnection$5.run(ActiveMQConnection.java:2040) ~[activemq-client-6.1.6.jar:6.1.6]
	at java.base/java.util.concurrent.ThreadPoolExecutor.runWorker(ThreadPoolExecutor.java:1136) ~[na:na]
	at java.base/java.util.concurrent.ThreadPoolExecutor$Worker.run(ThreadPoolExecutor.java:635) ~[na:na]
	at java.base/java.lang.Thread.run(Thread.java:840) ~[na:na]
Caused by: org.apache.activemq.transport.TransportDisposedIOException: Disposed due to prior exception
	at org.apache.activemq.transport.ResponseCorrelator.onException(ResponseCorrelator.java:125) ~[activemq-client-6.1.6.jar:6.1.6]
	at org.apache.activemq.transport.TransportFilter.onException(TransportFilter.java:114) ~[activemq-client-6.1.6.jar:6.1.6]
	at org.apache.activemq.transport.vm.VMTransport.stop(VMTransport.java:233) ~[activemq-broker-6.1.6.jar:6.1.6]
	at org.apache.activemq.transport.TransportFilter.stop(TransportFilter.java:72) ~[activemq-client-6.1.6.jar:6.1.6]
	at org.apache.activemq.transport.TransportFilter.stop(TransportFilter.java:72) ~[activemq-client-6.1.6.jar:6.1.6]
	at org.apache.activemq.transport.ResponseCorrelator.stop(ResponseCorrelator.java:132) ~[activemq-client-6.1.6.jar:6.1.6]
	at org.apache.activemq.broker.TransportConnection.doStop(TransportConnection.java:1204) ~[activemq-broker-6.1.6.jar:6.1.6]
	at org.apache.activemq.broker.TransportConnection$4.run(TransportConnection.java:1170) ~[activemq-broker-6.1.6.jar:6.1.6]
	... 3 common frames omitted
Caused by: org.apache.activemq.transport.TransportDisposedIOException: peer (vm://embedded#1) stopped.
	... 9 common frames omitted

2025-04-27T02:35:43.990+03:00  INFO 16453 --- [task.manager] [SpringApplicationShutdownHook] o.s.b.w.e.tomcat.GracefulShutdown        : Commencing graceful shutdown. Waiting for active requests to complete
2025-04-27T02:35:43.992+03:00  INFO 16453 --- [task.manager] [ActiveMQ ShutdownHook] o.apache.activemq.broker.BrokerService   : Apache ActiveMQ 6.1.6 (embedded, ID:barmao-Latitude-7490-36237-1745710016087-0:1) uptime 8 minutes
2025-04-27T02:35:43.994+03:00  INFO 16453 --- [task.manager] [ActiveMQ ShutdownHook] o.apache.activemq.broker.BrokerService   : Apache ActiveMQ 6.1.6 (embedded, ID:barmao-Latitude-7490-36237-1745710016087-0:1) is shutdown
2025-04-27T02:35:44.006+03:00  INFO 16453 --- [task.manager] [tomcat-shutdown] o.s.b.w.e.tomcat.GracefulShutdown        : Graceful shutdown complete
2025-04-27T02:35:44.030+03:00  INFO 16453 --- [task.manager] [SpringApplicationShutdownHook] j.LocalContainerEntityManagerFactoryBean : Closing JPA EntityManagerFactory for persistence unit 'default'
2025-04-27T02:35:44.040+03:00  INFO 16453 --- [task.manager] [SpringApplicationShutdownHook] com.zaxxer.hikari.HikariDataSource       : HikariPool-1 - Shutdown initiated...
2025-04-27T02:35:44.133+03:00  INFO 16453 --- [task.manager] [SpringApplicationShutdownHook] com.zaxxer.hikari.HikariDataSource       : HikariPool-1 - Shutdown completed.
2025-04-27T02:36:04.146+03:00  INFO 17163 --- [task.manager] [main] com.barmao.task.manager.Application      : Starting Application using Java 17.0.14 with PID 17163 (/home/barmao/SourceSafe/task.manager/build/classes/java/main started by barmao in /home/barmao/SourceSafe/task.manager)
2025-04-27T02:36:04.152+03:00  INFO 17163 --- [task.manager] [main] com.barmao.task.manager.Application      : No active profile set, falling back to 1 default profile: "default"
2025-04-27T02:36:06.717+03:00  INFO 17163 --- [task.manager] [main] .s.d.r.c.RepositoryConfigurationDelegate : Bootstrapping Spring Data JPA repositories in DEFAULT mode.
2025-04-27T02:36:06.892+03:00  INFO 17163 --- [task.manager] [main] .s.d.r.c.RepositoryConfigurationDelegate : Finished Spring Data repository scanning in 146 ms. Found 1 JPA repository interface.
2025-04-27T02:36:09.076+03:00  INFO 17163 --- [task.manager] [main] o.s.b.w.embedded.tomcat.TomcatWebServer  : Tomcat initialized with port 8080 (http)
2025-04-27T02:36:09.110+03:00  INFO 17163 --- [task.manager] [main] o.apache.catalina.core.StandardService   : Starting service [Tomcat]
2025-04-27T02:36:09.112+03:00  INFO 17163 --- [task.manager] [main] o.apache.catalina.core.StandardEngine    : Starting Servlet engine: [Apache Tomcat/10.1.40]
2025-04-27T02:36:09.246+03:00  INFO 17163 --- [task.manager] [main] o.a.c.c.C.[Tomcat].[localhost].[/]       : Initializing Spring embedded WebApplicationContext
2025-04-27T02:36:09.247+03:00  INFO 17163 --- [task.manager] [main] w.s.c.ServletWebServerApplicationContext : Root WebApplicationContext: initialization completed in 4956 ms
2025-04-27T02:36:10.174+03:00  INFO 17163 --- [task.manager] [main] o.hibernate.jpa.internal.util.LogHelper  : HHH000204: Processing PersistenceUnitInfo [name: default]
2025-04-27T02:36:10.318+03:00  INFO 17163 --- [task.manager] [main] org.hibernate.Version                    : HHH000412: Hibernate ORM core version 6.6.13.Final
2025-04-27T02:36:10.422+03:00  INFO 17163 --- [task.manager] [main] o.h.c.internal.RegionFactoryInitiator    : HHH000026: Second-level cache disabled
2025-04-27T02:36:11.200+03:00  INFO 17163 --- [task.manager] [main] o.s.o.j.p.SpringPersistenceUnitInfo      : No LoadTimeWeaver setup: ignoring JPA class transformer
2025-04-27T02:36:11.278+03:00  INFO 17163 --- [task.manager] [main] com.zaxxer.hikari.HikariDataSource       : HikariPool-1 - Starting...
2025-04-27T02:36:11.855+03:00  INFO 17163 --- [task.manager] [main] com.zaxxer.hikari.pool.HikariPool        : HikariPool-1 - Added connection conn0: url=jdbc:h2:file:./taskdb user=SA
2025-04-27T02:36:11.860+03:00  INFO 17163 --- [task.manager] [main] com.zaxxer.hikari.HikariDataSource       : HikariPool-1 - Start completed.
2025-04-27T02:36:11.928+03:00  WARN 17163 --- [task.manager] [main] org.hibernate.orm.deprecation            : HHH90000025: H2Dialect does not need to be specified explicitly using 'hibernate.dialect' (remove the property setting and it will be selected by default)
2025-04-27T02:36:11.988+03:00  INFO 17163 --- [task.manager] [main] org.hibernate.orm.connections.pooling    : HHH10001005: Database info:
	Database JDBC URL [Connecting through datasource 'HikariDataSource (HikariPool-1)']
	Database driver: undefined/unknown
	Database version: 2.3.232
	Autocommit mode: undefined/unknown
	Isolation level: undefined/unknown
	Minimum pool size: undefined/unknown
	Maximum pool size: undefined/unknown
2025-04-27T02:36:14.101+03:00  INFO 17163 --- [task.manager] [main] o.h.e.t.j.p.i.JtaPlatformInitiator       : HHH000489: No JTA platform available (set 'hibernate.transaction.jta.platform' to enable JTA platform integration)
2025-04-27T02:36:14.247+03:00  INFO 17163 --- [task.manager] [main] j.LocalContainerEntityManagerFactoryBean : Initialized JPA EntityManagerFactory for persistence unit 'default'
2025-04-27T02:36:15.722+03:00  WARN 17163 --- [task.manager] [main] JpaBaseConfiguration$JpaWebConfiguration : spring.jpa.open-in-view is enabled by default. Therefore, database queries may be performed during view rendering. Explicitly configure spring.jpa.open-in-view to disable this warning
2025-04-27T02:36:17.521+03:00  INFO 17163 --- [task.manager] [main] o.s.b.a.h2.H2ConsoleAutoConfiguration    : H2 console available at '/h2-console'. Database available at 'jdbc:h2:file:./taskdb'
2025-04-27T02:36:17.720+03:00  INFO 17163 --- [task.manager] [main] o.s.b.a.e.web.EndpointLinksResolver      : Exposing 3 endpoints beneath base path '/actuator'
2025-04-27T02:36:17.992+03:00  INFO 17163 --- [task.manager] [main] o.s.b.w.embedded.tomcat.TomcatWebServer  : Tomcat started on port 8080 (http) with context path '/'
2025-04-27T02:36:18.204+03:00  INFO 17163 --- [task.manager] [main] o.apache.activemq.broker.BrokerService   : Using Persistence Adapter: MemoryPersistenceAdapter
2025-04-27T02:36:18.205+03:00  INFO 17163 --- [task.manager] [main] o.apache.activemq.broker.BrokerService   : Starting Persistence Adapter: MemoryPersistenceAdapter
2025-04-27T02:36:18.205+03:00  INFO 17163 --- [task.manager] [main] o.apache.activemq.broker.BrokerService   : Starting Temp Data Store
2025-04-27T02:36:18.206+03:00  INFO 17163 --- [task.manager] [main] o.apache.activemq.broker.BrokerService   : Starting Job Scheduler Store
2025-04-27T02:36:18.206+03:00  INFO 17163 --- [task.manager] [main] o.apache.activemq.broker.BrokerService   : Persistence Adapter successfully started
2025-04-27T02:36:18.412+03:00  INFO 17163 --- [task.manager] [main] o.apache.activemq.broker.BrokerService   : Apache ActiveMQ 6.1.6 (localhost, ID:barmao-Latitude-7490-37749-1745710578240-0:1) is starting
2025-04-27T02:36:18.424+03:00  INFO 17163 --- [task.manager] [main] o.apache.activemq.broker.BrokerService   : Apache ActiveMQ 6.1.6 (localhost, ID:barmao-Latitude-7490-37749-1745710578240-0:1) started
2025-04-27T02:36:18.425+03:00  INFO 17163 --- [task.manager] [main] o.apache.activemq.broker.BrokerService   : For help or more information please see: http://activemq.apache.org
2025-04-27T02:36:18.477+03:00  INFO 17163 --- [task.manager] [main] o.a.activemq.broker.TransportConnector   : Connector vm://localhost started
2025-04-27T02:36:18.622+03:00  INFO 17163 --- [task.manager] [main] com.barmao.task.manager.Application      : Started Application in 15.984 seconds (process running for 17.475)
2025-04-27T02:37:39.372+03:00  INFO 17163 --- [task.manager] [http-nio-8080-exec-1] o.a.c.c.C.[Tomcat].[localhost].[/]       : Initializing Spring DispatcherServlet 'dispatcherServlet'
2025-04-27T02:37:39.373+03:00  INFO 17163 --- [task.manager] [http-nio-8080-exec-1] o.s.web.servlet.DispatcherServlet        : Initializing Servlet 'dispatcherServlet'
2025-04-27T02:37:39.378+03:00  INFO 17163 --- [task.manager] [http-nio-8080-exec-1] o.s.web.servlet.DispatcherServlet        : Completed initialization in 4 ms
2025-04-27T02:53:58.930+03:00  INFO 17163 --- [task.manager] [ActiveMQ ShutdownHook] o.apache.activemq.broker.BrokerService   : Apache ActiveMQ 6.1.6 (localhost, ID:barmao-Latitude-7490-37749-1745710578240-0:1) is shutting down
2025-04-27T02:53:58.957+03:00  INFO 17163 --- [task.manager] [ActiveMQ ShutdownHook] o.a.activemq.broker.TransportConnector   : Connector vm://localhost stopped
2025-04-27T02:53:58.945+03:00  INFO 17163 --- [task.manager] [ActiveMQ Connection Executor: vm://localhost#0] o.s.j.c.CachingConnectionFactory         : Encountered a JMSException - resetting the underlying JMS Connection

jakarta.jms.JMSException: peer (vm://localhost#1) stopped.
	at org.apache.activemq.util.JMSExceptionSupport.create(JMSExceptionSupport.java:67) ~[activemq-client-6.1.6.jar:6.1.6]
	at org.apache.activemq.ActiveMQConnection.onAsyncException(ActiveMQConnection.java:2033) ~[activemq-client-6.1.6.jar:6.1.6]
	at org.apache.activemq.ActiveMQConnection.onException(ActiveMQConnection.java:2052) ~[activemq-client-6.1.6.jar:6.1.6]
	at org.apache.activemq.transport.TransportFilter.onException(TransportFilter.java:114) ~[activemq-client-6.1.6.jar:6.1.6]
	at org.apache.activemq.transport.ResponseCorrelator.onException(ResponseCorrelator.java:126) ~[activemq-client-6.1.6.jar:6.1.6]
	at org.apache.activemq.transport.TransportFilter.onException(TransportFilter.java:114) ~[activemq-client-6.1.6.jar:6.1.6]
	at org.apache.activemq.transport.vm.VMTransport.stop(VMTransport.java:233) ~[activemq-broker-6.1.6.jar:6.1.6]
	at org.apache.activemq.transport.TransportFilter.stop(TransportFilter.java:72) ~[activemq-client-6.1.6.jar:6.1.6]
	at org.apache.activemq.transport.TransportFilter.stop(TransportFilter.java:72) ~[activemq-client-6.1.6.jar:6.1.6]
	at org.apache.activemq.transport.ResponseCorrelator.stop(ResponseCorrelator.java:132) ~[activemq-client-6.1.6.jar:6.1.6]
	at org.apache.activemq.broker.TransportConnection.doStop(TransportConnection.java:1204) ~[activemq-broker-6.1.6.jar:6.1.6]
	at org.apache.activemq.broker.TransportConnection$4.run(TransportConnection.java:1170) ~[activemq-broker-6.1.6.jar:6.1.6]
	at java.base/java.util.concurrent.ThreadPoolExecutor.runWorker(ThreadPoolExecutor.java:1136) ~[na:na]
	at java.base/java.util.concurrent.ThreadPoolExecutor$Worker.run(ThreadPoolExecutor.java:635) ~[na:na]
	at java.base/java.lang.Thread.run(Thread.java:840) ~[na:na]
Caused by: org.apache.activemq.transport.TransportDisposedIOException: peer (vm://localhost#1) stopped.
	... 9 common frames omitted

2025-04-27T02:53:58.964+03:00  WARN 17163 --- [task.manager] [org.springframework.jms.JmsListenerEndpointContainer#1-1] o.s.j.l.DefaultMessageListenerContainer  : Setup of JMS message listener invoker failed for destination 'task-processing' - trying to recover. Cause: The Session is closed
2025-04-27T02:53:58.965+03:00  WARN 17163 --- [task.manager] [org.springframework.jms.JmsListenerEndpointContainer#2-1] o.s.j.l.DefaultMessageListenerContainer  : Setup of JMS message listener invoker failed for destination 'task-completed' - trying to recover. Cause: The Session is closed
2025-04-27T02:53:58.966+03:00  WARN 17163 --- [task.manager] [ActiveMQ Connection Executor: vm://localhost#0] o.s.j.c.CachingConnectionFactory         : Could not close shared JMS Connection

jakarta.jms.JMSException: Disposed due to prior exception
	at org.apache.activemq.util.JMSExceptionSupport.create(JMSExceptionSupport.java:91) ~[activemq-client-6.1.6.jar:6.1.6]
	at org.apache.activemq.ActiveMQConnection.syncSendPacket(ActiveMQConnection.java:1483) ~[activemq-client-6.1.6.jar:6.1.6]
	at org.apache.activemq.ActiveMQConnection.close(ActiveMQConnection.java:729) ~[activemq-client-6.1.6.jar:6.1.6]
	at org.springframework.jms.connection.SingleConnectionFactory.closeConnection(SingleConnectionFactory.java:582) ~[spring-jms-6.2.6.jar:6.2.6]
	at org.springframework.jms.connection.SingleConnectionFactory.resetConnection(SingleConnectionFactory.java:560) ~[spring-jms-6.2.6.jar:6.2.6]
	at org.springframework.jms.connection.CachingConnectionFactory.resetConnection(CachingConnectionFactory.java:234) ~[spring-jms-6.2.6.jar:6.2.6]
	at org.springframework.jms.connection.SingleConnectionFactory.onException(SingleConnectionFactory.java:356) ~[spring-jms-6.2.6.jar:6.2.6]
	at org.springframework.jms.connection.SingleConnectionFactory$AggregatedExceptionListener.onException(SingleConnectionFactory.java:826) ~[spring-jms-6.2.6.jar:6.2.6]
	at org.apache.activemq.ActiveMQConnection$5.run(ActiveMQConnection.java:2040) ~[activemq-client-6.1.6.jar:6.1.6]
	at java.base/java.util.concurrent.ThreadPoolExecutor.runWorker(ThreadPoolExecutor.java:1136) ~[na:na]
	at java.base/java.util.concurrent.ThreadPoolExecutor$Worker.run(ThreadPoolExecutor.java:635) ~[na:na]
	at java.base/java.lang.Thread.run(Thread.java:840) ~[na:na]
Caused by: org.apache.activemq.transport.TransportDisposedIOException: Disposed due to prior exception
	at org.apache.activemq.transport.ResponseCorrelator.onException(ResponseCorrelator.java:125) ~[activemq-client-6.1.6.jar:6.1.6]
	at org.apache.activemq.transport.TransportFilter.onException(TransportFilter.java:114) ~[activemq-client-6.1.6.jar:6.1.6]
	at org.apache.activemq.transport.vm.VMTransport.stop(VMTransport.java:233) ~[activemq-broker-6.1.6.jar:6.1.6]
	at org.apache.activemq.transport.TransportFilter.stop(TransportFilter.java:72) ~[activemq-client-6.1.6.jar:6.1.6]
	at org.apache.activemq.transport.TransportFilter.stop(TransportFilter.java:72) ~[activemq-client-6.1.6.jar:6.1.6]
	at org.apache.activemq.transport.ResponseCorrelator.stop(ResponseCorrelator.java:132) ~[activemq-client-6.1.6.jar:6.1.6]
	at org.apache.activemq.broker.TransportConnection.doStop(TransportConnection.java:1204) ~[activemq-broker-6.1.6.jar:6.1.6]
	at org.apache.activemq.broker.TransportConnection$4.run(TransportConnection.java:1170) ~[activemq-broker-6.1.6.jar:6.1.6]
	... 3 common frames omitted
Caused by: org.apache.activemq.transport.TransportDisposedIOException: peer (vm://localhost#1) stopped.
	... 9 common frames omitted

2025-04-27T02:53:58.973+03:00  INFO 17163 --- [task.manager] [SpringApplicationShutdownHook] o.s.b.w.e.tomcat.GracefulShutdown        : Commencing graceful shutdown. Waiting for active requests to complete
2025-04-27T02:53:58.979+03:00  INFO 17163 --- [task.manager] [ActiveMQ ShutdownHook] o.apache.activemq.broker.BrokerService   : Apache ActiveMQ 6.1.6 (localhost, ID:barmao-Latitude-7490-37749-1745710578240-0:1) uptime 17 minutes
2025-04-27T02:53:58.981+03:00  INFO 17163 --- [task.manager] [ActiveMQ ShutdownHook] o.apache.activemq.broker.BrokerService   : Apache ActiveMQ 6.1.6 (localhost, ID:barmao-Latitude-7490-37749-1745710578240-0:1) is shutdown
2025-04-27T02:53:58.988+03:00  INFO 17163 --- [task.manager] [tomcat-shutdown] o.s.b.w.e.tomcat.GracefulShutdown        : Graceful shutdown complete
2025-04-27T02:53:59.005+03:00  INFO 17163 --- [task.manager] [SpringApplicationShutdownHook] j.LocalContainerEntityManagerFactoryBean : Closing JPA EntityManagerFactory for persistence unit 'default'
2025-04-27T02:53:59.012+03:00  INFO 17163 --- [task.manager] [SpringApplicationShutdownHook] com.zaxxer.hikari.HikariDataSource       : HikariPool-1 - Shutdown initiated...
2025-04-27T02:53:59.091+03:00  INFO 17163 --- [task.manager] [SpringApplicationShutdownHook] com.zaxxer.hikari.HikariDataSource       : HikariPool-1 - Shutdown completed.
2025-04-27T02:57:33.262+03:00  INFO 21640 --- [task.manager] [main] com.barmao.task.manager.Application      : Starting Application using Java 17.0.14 with PID 21640 (/home/barmao/SourceSafe/task.manager/build/classes/java/main started by barmao in /home/barmao/SourceSafe/task.manager)
2025-04-27T02:57:33.274+03:00  INFO 21640 --- [task.manager] [main] com.barmao.task.manager.Application      : No active profile set, falling back to 1 default profile: "default"
2025-04-27T02:57:36.579+03:00  INFO 21640 --- [task.manager] [main] .s.d.r.c.RepositoryConfigurationDelegate : Bootstrapping Spring Data JPA repositories in DEFAULT mode.
2025-04-27T02:57:36.787+03:00  INFO 21640 --- [task.manager] [main] .s.d.r.c.RepositoryConfigurationDelegate : Finished Spring Data repository scanning in 176 ms. Found 1 JPA repository interface.
2025-04-27T02:57:39.380+03:00  INFO 21640 --- [task.manager] [main] o.s.b.w.embedded.tomcat.TomcatWebServer  : Tomcat initialized with port 8080 (http)
2025-04-27T02:57:39.420+03:00  INFO 21640 --- [task.manager] [main] o.apache.catalina.core.StandardService   : Starting service [Tomcat]
2025-04-27T02:57:39.422+03:00  INFO 21640 --- [task.manager] [main] o.apache.catalina.core.StandardEngine    : Starting Servlet engine: [Apache Tomcat/10.1.40]
2025-04-27T02:57:39.608+03:00  INFO 21640 --- [task.manager] [main] o.a.c.c.C.[Tomcat].[localhost].[/]       : Initializing Spring embedded WebApplicationContext
2025-04-27T02:57:39.611+03:00  INFO 21640 --- [task.manager] [main] w.s.c.ServletWebServerApplicationContext : Root WebApplicationContext: initialization completed in 6137 ms
2025-04-27T02:57:40.314+03:00 ERROR 21640 --- [task.manager] [main] o.a.c.c.C.[Tomcat].[localhost].[/]       : Exception starting filter [hawtioAuthenticationFilter]

java.lang.RuntimeException: Hawtio config manager not found, cannot proceed Hawtio configuration
	at io.hawt.web.auth.AuthenticationConfiguration.<init>(AuthenticationConfiguration.java:204) ~[hawtio-system-4.4.0.jar:4.4.0]
	at io.hawt.web.auth.AuthenticationConfiguration.getConfiguration(AuthenticationConfiguration.java:257) ~[hawtio-system-4.4.0.jar:4.4.0]
	at io.hawt.web.auth.AuthenticationFilter.init(AuthenticationFilter.java:50) ~[hawtio-system-4.4.0.jar:4.4.0]
	at org.apache.catalina.core.ApplicationFilterConfig.initFilter(ApplicationFilterConfig.java:243) ~[tomcat-embed-core-10.1.40.jar:10.1.40]
	at org.apache.catalina.core.ApplicationFilterConfig.<init>(ApplicationFilterConfig.java:102) ~[tomcat-embed-core-10.1.40.jar:10.1.40]
	at org.apache.catalina.core.StandardContext.filterStart(StandardContext.java:3895) ~[tomcat-embed-core-10.1.40.jar:10.1.40]
	at org.apache.catalina.core.StandardContext.startInternal(StandardContext.java:4500) ~[tomcat-embed-core-10.1.40.jar:10.1.40]
	at org.apache.catalina.util.LifecycleBase.start(LifecycleBase.java:164) ~[tomcat-embed-core-10.1.40.jar:10.1.40]
	at org.apache.catalina.core.ContainerBase$StartChild.call(ContainerBase.java:1203) ~[tomcat-embed-core-10.1.40.jar:10.1.40]
	at org.apache.catalina.core.ContainerBase$StartChild.call(ContainerBase.java:1193) ~[tomcat-embed-core-10.1.40.jar:10.1.40]
	at java.base/java.util.concurrent.FutureTask.run(FutureTask.java:264) ~[na:na]
	at org.apache.tomcat.util.threads.InlineExecutorService.execute(InlineExecutorService.java:75) ~[tomcat-embed-core-10.1.40.jar:10.1.40]
	at java.base/java.util.concurrent.AbstractExecutorService.submit(AbstractExecutorService.java:145) ~[na:na]
	at org.apache.catalina.core.ContainerBase.startInternal(ContainerBase.java:749) ~[tomcat-embed-core-10.1.40.jar:10.1.40]
	at org.apache.catalina.core.StandardHost.startInternal(StandardHost.java:772) ~[tomcat-embed-core-10.1.40.jar:10.1.40]
	at org.apache.catalina.util.LifecycleBase.start(LifecycleBase.java:164) ~[tomcat-embed-core-10.1.40.jar:10.1.40]
	at org.apache.catalina.core.ContainerBase$StartChild.call(ContainerBase.java:1203) ~[tomcat-embed-core-10.1.40.jar:10.1.40]
	at org.apache.catalina.core.ContainerBase$StartChild.call(ContainerBase.java:1193) ~[tomcat-embed-core-10.1.40.jar:10.1.40]
	at java.base/java.util.concurrent.FutureTask.run(FutureTask.java:264) ~[na:na]
	at org.apache.tomcat.util.threads.InlineExecutorService.execute(InlineExecutorService.java:75) ~[tomcat-embed-core-10.1.40.jar:10.1.40]
	at java.base/java.util.concurrent.AbstractExecutorService.submit(AbstractExecutorService.java:145) ~[na:na]
	at org.apache.catalina.core.ContainerBase.startInternal(ContainerBase.java:749) ~[tomcat-embed-core-10.1.40.jar:10.1.40]
	at org.apache.catalina.core.StandardEngine.startInternal(StandardEngine.java:203) ~[tomcat-embed-core-10.1.40.jar:10.1.40]
	at org.apache.catalina.util.LifecycleBase.start(LifecycleBase.java:164) ~[tomcat-embed-core-10.1.40.jar:10.1.40]
	at org.apache.catalina.core.StandardService.startInternal(StandardService.java:412) ~[tomcat-embed-core-10.1.40.jar:10.1.40]
	at org.apache.catalina.util.LifecycleBase.start(LifecycleBase.java:164) ~[tomcat-embed-core-10.1.40.jar:10.1.40]
	at org.apache.catalina.core.StandardServer.startInternal(StandardServer.java:870) ~[tomcat-embed-core-10.1.40.jar:10.1.40]
	at org.apache.catalina.util.LifecycleBase.start(LifecycleBase.java:164) ~[tomcat-embed-core-10.1.40.jar:10.1.40]
	at org.apache.catalina.startup.Tomcat.start(Tomcat.java:438) ~[tomcat-embed-core-10.1.40.jar:10.1.40]
	at org.springframework.boot.web.embedded.tomcat.TomcatWebServer.initialize(TomcatWebServer.java:128) ~[spring-boot-3.4.5.jar:3.4.5]
	at org.springframework.boot.web.embedded.tomcat.TomcatWebServer.<init>(TomcatWebServer.java:107) ~[spring-boot-3.4.5.jar:3.4.5]
	at org.springframework.boot.web.embedded.tomcat.TomcatServletWebServerFactory.getTomcatWebServer(TomcatServletWebServerFactory.java:517) ~[spring-boot-3.4.5.jar:3.4.5]
	at org.springframework.boot.web.embedded.tomcat.TomcatServletWebServerFactory.getWebServer(TomcatServletWebServerFactory.java:219) ~[spring-boot-3.4.5.jar:3.4.5]
	at org.springframework.boot.web.servlet.context.ServletWebServerApplicationContext.createWebServer(ServletWebServerApplicationContext.java:193) ~[spring-boot-3.4.5.jar:3.4.5]
	at org.springframework.boot.web.servlet.context.ServletWebServerApplicationContext.onRefresh(ServletWebServerApplicationContext.java:167) ~[spring-boot-3.4.5.jar:3.4.5]
	at org.springframework.context.support.AbstractApplicationContext.refresh(AbstractApplicationContext.java:621) ~[spring-context-6.2.6.jar:6.2.6]
	at org.springframework.boot.web.servlet.context.ServletWebServerApplicationContext.refresh(ServletWebServerApplicationContext.java:146) ~[spring-boot-3.4.5.jar:3.4.5]
	at org.springframework.boot.SpringApplication.refresh(SpringApplication.java:753) ~[spring-boot-3.4.5.jar:3.4.5]
	at org.springframework.boot.SpringApplication.refreshContext(SpringApplication.java:439) ~[spring-boot-3.4.5.jar:3.4.5]
	at org.springframework.boot.SpringApplication.run(SpringApplication.java:318) ~[spring-boot-3.4.5.jar:3.4.5]
	at org.springframework.boot.SpringApplication.run(SpringApplication.java:1362) ~[spring-boot-3.4.5.jar:3.4.5]
	at org.springframework.boot.SpringApplication.run(SpringApplication.java:1351) ~[spring-boot-3.4.5.jar:3.4.5]
	at com.barmao.task.manager.Application.main(Application.java:10) ~[main/:na]

2025-04-27T02:57:40.353+03:00 ERROR 21640 --- [task.manager] [main] o.apache.catalina.core.StandardContext   : One or more Filters failed to start. Full details will be found in the appropriate container log file
2025-04-27T02:57:40.355+03:00 ERROR 21640 --- [task.manager] [main] o.apache.catalina.core.StandardContext   : Context [] startup failed due to previous errors
2025-04-27T02:57:40.474+03:00  INFO 21640 --- [task.manager] [main] o.apache.catalina.core.StandardService   : Stopping service [Tomcat]
2025-04-27T02:57:40.486+03:00  WARN 21640 --- [task.manager] [main] ConfigServletWebServerApplicationContext : Exception encountered during context initialization - cancelling refresh attempt: org.springframework.context.ApplicationContextException: Unable to start web server
2025-04-27T02:57:40.585+03:00  INFO 21640 --- [task.manager] [main] .s.b.a.l.ConditionEvaluationReportLogger : 

Error starting ApplicationContext. To display the condition evaluation report re-run your application with 'debug' enabled.
2025-04-27T02:57:40.649+03:00 ERROR 21640 --- [task.manager] [main] o.s.boot.SpringApplication               : Application run failed

org.springframework.context.ApplicationContextException: Unable to start web server
	at org.springframework.boot.web.servlet.context.ServletWebServerApplicationContext.onRefresh(ServletWebServerApplicationContext.java:170) ~[spring-boot-3.4.5.jar:3.4.5]
	at org.springframework.context.support.AbstractApplicationContext.refresh(AbstractApplicationContext.java:621) ~[spring-context-6.2.6.jar:6.2.6]
	at org.springframework.boot.web.servlet.context.ServletWebServerApplicationContext.refresh(ServletWebServerApplicationContext.java:146) ~[spring-boot-3.4.5.jar:3.4.5]
	at org.springframework.boot.SpringApplication.refresh(SpringApplication.java:753) ~[spring-boot-3.4.5.jar:3.4.5]
	at org.springframework.boot.SpringApplication.refreshContext(SpringApplication.java:439) ~[spring-boot-3.4.5.jar:3.4.5]
	at org.springframework.boot.SpringApplication.run(SpringApplication.java:318) ~[spring-boot-3.4.5.jar:3.4.5]
	at org.springframework.boot.SpringApplication.run(SpringApplication.java:1362) ~[spring-boot-3.4.5.jar:3.4.5]
	at org.springframework.boot.SpringApplication.run(SpringApplication.java:1351) ~[spring-boot-3.4.5.jar:3.4.5]
	at com.barmao.task.manager.Application.main(Application.java:10) ~[main/:na]
Caused by: org.springframework.boot.web.server.WebServerException: Unable to start embedded Tomcat
	at org.springframework.boot.web.embedded.tomcat.TomcatWebServer.initialize(TomcatWebServer.java:147) ~[spring-boot-3.4.5.jar:3.4.5]
	at org.springframework.boot.web.embedded.tomcat.TomcatWebServer.<init>(TomcatWebServer.java:107) ~[spring-boot-3.4.5.jar:3.4.5]
	at org.springframework.boot.web.embedded.tomcat.TomcatServletWebServerFactory.getTomcatWebServer(TomcatServletWebServerFactory.java:517) ~[spring-boot-3.4.5.jar:3.4.5]
	at org.springframework.boot.web.embedded.tomcat.TomcatServletWebServerFactory.getWebServer(TomcatServletWebServerFactory.java:219) ~[spring-boot-3.4.5.jar:3.4.5]
	at org.springframework.boot.web.servlet.context.ServletWebServerApplicationContext.createWebServer(ServletWebServerApplicationContext.java:193) ~[spring-boot-3.4.5.jar:3.4.5]
	at org.springframework.boot.web.servlet.context.ServletWebServerApplicationContext.onRefresh(ServletWebServerApplicationContext.java:167) ~[spring-boot-3.4.5.jar:3.4.5]
	... 8 common frames omitted
Caused by: java.lang.IllegalStateException: StandardEngine[Tomcat].StandardHost[localhost].TomcatEmbeddedContext[] failed to start
	at org.springframework.boot.web.embedded.tomcat.TomcatWebServer.rethrowDeferredStartupExceptions(TomcatWebServer.java:209) ~[spring-boot-3.4.5.jar:3.4.5]
	at org.springframework.boot.web.embedded.tomcat.TomcatWebServer.initialize(TomcatWebServer.java:131) ~[spring-boot-3.4.5.jar:3.4.5]
	... 13 common frames omitted

2025-04-27T03:06:45.120+03:00  INFO 22662 --- [task.manager] [main] com.barmao.task.manager.Application      : Starting Application using Java 17.0.14 with PID 22662 (/home/barmao/SourceSafe/task.manager/build/classes/java/main started by barmao in /home/barmao/SourceSafe/task.manager)
2025-04-27T03:06:45.128+03:00  INFO 22662 --- [task.manager] [main] com.barmao.task.manager.Application      : No active profile set, falling back to 1 default profile: "default"
2025-04-27T03:06:48.014+03:00  INFO 22662 --- [task.manager] [main] .s.d.r.c.RepositoryConfigurationDelegate : Bootstrapping Spring Data JPA repositories in DEFAULT mode.
2025-04-27T03:06:48.207+03:00  INFO 22662 --- [task.manager] [main] .s.d.r.c.RepositoryConfigurationDelegate : Finished Spring Data repository scanning in 164 ms. Found 1 JPA repository interface.
2025-04-27T03:06:50.772+03:00  INFO 22662 --- [task.manager] [main] o.s.b.w.embedded.tomcat.TomcatWebServer  : Tomcat initialized with port 8080 (http)
2025-04-27T03:06:50.809+03:00  INFO 22662 --- [task.manager] [main] o.apache.catalina.core.StandardService   : Starting service [Tomcat]
2025-04-27T03:06:50.810+03:00  INFO 22662 --- [task.manager] [main] o.apache.catalina.core.StandardEngine    : Starting Servlet engine: [Apache Tomcat/10.1.40]
2025-04-27T03:06:50.963+03:00  INFO 22662 --- [task.manager] [main] o.a.c.c.C.[Tomcat].[localhost].[/]       : Initializing Spring embedded WebApplicationContext
2025-04-27T03:06:50.964+03:00  INFO 22662 --- [task.manager] [main] w.s.c.ServletWebServerApplicationContext : Root WebApplicationContext: initialization completed in 5704 ms
2025-04-27T03:06:51.864+03:00  INFO 22662 --- [task.manager] [main] io.hawt.HawtioContextListener            : Initialising Hawtio services
2025-04-27T03:06:52.007+03:00  INFO 22662 --- [task.manager] [main] io.hawt.jmx.JmxTreeWatcher               : Welcome to Hawtio 4.4.0
2025-04-27T03:06:52.019+03:00  INFO 22662 --- [task.manager] [main] i.h.w.auth.AuthenticationConfiguration   : Authentication throttling is enabled
2025-04-27T03:06:52.090+03:00  INFO 22662 --- [task.manager] [main] i.h.w.auth.AuthenticationConfiguration   : Starting hawtio authentication filter, JAAS authentication disabled
2025-04-27T03:06:52.116+03:00  INFO 22662 --- [task.manager] [main] i.h.web.auth.ClientRouteRedirectFilter   : Hawtio ClientRouteRedirectFilter is using 1800 sec. HttpSession timeout
2025-04-27T03:06:52.544+03:00  INFO 22662 --- [task.manager] [main] o.hibernate.jpa.internal.util.LogHelper  : HHH000204: Processing PersistenceUnitInfo [name: default]
2025-04-27T03:06:52.682+03:00  INFO 22662 --- [task.manager] [main] org.hibernate.Version                    : HHH000412: Hibernate ORM core version 6.6.13.Final
2025-04-27T03:06:52.793+03:00  INFO 22662 --- [task.manager] [main] o.h.c.internal.RegionFactoryInitiator    : HHH000026: Second-level cache disabled
2025-04-27T03:06:53.598+03:00  INFO 22662 --- [task.manager] [main] o.s.o.j.p.SpringPersistenceUnitInfo      : No LoadTimeWeaver setup: ignoring JPA class transformer
2025-04-27T03:06:53.685+03:00  INFO 22662 --- [task.manager] [main] com.zaxxer.hikari.HikariDataSource       : HikariPool-1 - Starting...
2025-04-27T03:06:54.274+03:00  INFO 22662 --- [task.manager] [main] com.zaxxer.hikari.pool.HikariPool        : HikariPool-1 - Added connection conn0: url=jdbc:h2:file:./taskdb user=SA
2025-04-27T03:06:54.279+03:00  INFO 22662 --- [task.manager] [main] com.zaxxer.hikari.HikariDataSource       : HikariPool-1 - Start completed.
2025-04-27T03:06:54.358+03:00  WARN 22662 --- [task.manager] [main] org.hibernate.orm.deprecation            : HHH90000025: H2Dialect does not need to be specified explicitly using 'hibernate.dialect' (remove the property setting and it will be selected by default)
2025-04-27T03:06:54.430+03:00  INFO 22662 --- [task.manager] [main] org.hibernate.orm.connections.pooling    : HHH10001005: Database info:
	Database JDBC URL [Connecting through datasource 'HikariDataSource (HikariPool-1)']
	Database driver: undefined/unknown
	Database version: 2.3.232
	Autocommit mode: undefined/unknown
	Isolation level: undefined/unknown
	Minimum pool size: undefined/unknown
	Maximum pool size: undefined/unknown
2025-04-27T03:06:56.740+03:00  INFO 22662 --- [task.manager] [main] o.h.e.t.j.p.i.JtaPlatformInitiator       : HHH000489: No JTA platform available (set 'hibernate.transaction.jta.platform' to enable JTA platform integration)
2025-04-27T03:06:56.899+03:00  INFO 22662 --- [task.manager] [main] j.LocalContainerEntityManagerFactoryBean : Initialized JPA EntityManagerFactory for persistence unit 'default'
2025-04-27T03:06:58.467+03:00  WARN 22662 --- [task.manager] [main] JpaBaseConfiguration$JpaWebConfiguration : spring.jpa.open-in-view is enabled by default. Therefore, database queries may be performed during view rendering. Explicitly configure spring.jpa.open-in-view to disable this warning
2025-04-27T03:07:00.523+03:00  INFO 22662 --- [task.manager] [main] o.s.b.a.h2.H2ConsoleAutoConfiguration    : H2 console available at '/h2-console'. Database available at 'jdbc:h2:file:./taskdb'
2025-04-27T03:07:00.778+03:00  INFO 22662 --- [task.manager] [main] o.s.b.a.e.web.EndpointLinksResolver      : Exposing 5 endpoints beneath base path '/actuator'
2025-04-27T03:07:01.115+03:00  INFO 22662 --- [task.manager] [main] o.s.b.w.embedded.tomcat.TomcatWebServer  : Tomcat started on port 8080 (http) with context path '/'
2025-04-27T03:07:01.250+03:00  INFO 22662 --- [task.manager] [main] o.apache.activemq.broker.BrokerService   : Using Persistence Adapter: MemoryPersistenceAdapter
2025-04-27T03:07:01.251+03:00  INFO 22662 --- [task.manager] [main] o.apache.activemq.broker.BrokerService   : Starting Persistence Adapter: MemoryPersistenceAdapter
2025-04-27T03:07:01.252+03:00  INFO 22662 --- [task.manager] [main] o.apache.activemq.broker.BrokerService   : Starting Temp Data Store
2025-04-27T03:07:01.252+03:00  INFO 22662 --- [task.manager] [main] o.apache.activemq.broker.BrokerService   : Starting Job Scheduler Store
2025-04-27T03:07:01.253+03:00  INFO 22662 --- [task.manager] [main] o.apache.activemq.broker.BrokerService   : Persistence Adapter successfully started
2025-04-27T03:07:01.472+03:00  INFO 22662 --- [task.manager] [main] o.apache.activemq.broker.BrokerService   : Apache ActiveMQ 6.1.6 (localhost, ID:barmao-Latitude-7490-41577-1745712421289-0:1) is starting
2025-04-27T03:07:01.485+03:00  INFO 22662 --- [task.manager] [main] o.apache.activemq.broker.BrokerService   : Apache ActiveMQ 6.1.6 (localhost, ID:barmao-Latitude-7490-41577-1745712421289-0:1) started
2025-04-27T03:07:01.486+03:00  INFO 22662 --- [task.manager] [main] o.apache.activemq.broker.BrokerService   : For help or more information please see: http://activemq.apache.org
2025-04-27T03:07:01.545+03:00  INFO 22662 --- [task.manager] [main] o.a.activemq.broker.TransportConnector   : Connector vm://localhost started
2025-04-27T03:07:01.717+03:00  INFO 22662 --- [task.manager] [main] com.barmao.task.manager.Application      : Started Application in 18.1 seconds (process running for 19.135)
2025-04-27T03:07:38.096+03:00  INFO 22662 --- [task.manager] [http-nio-8080-exec-1] o.a.c.c.C.[Tomcat].[localhost].[/]       : Initializing Spring DispatcherServlet 'dispatcherServlet'
2025-04-27T03:07:38.097+03:00  INFO 22662 --- [task.manager] [http-nio-8080-exec-1] o.s.web.servlet.DispatcherServlet        : Initializing Servlet 'dispatcherServlet'
2025-04-27T03:07:38.104+03:00  INFO 22662 --- [task.manager] [http-nio-8080-exec-1] o.s.web.servlet.DispatcherServlet        : Completed initialization in 5 ms
2025-04-27T03:08:42.321+03:00  INFO 22662 --- [task.manager] [http-nio-8080-exec-3] i.h.web.auth.keycloak.KeycloakServlet    : Keycloak integration is disabled
2025-04-27T03:08:43.730+03:00  INFO 22662 --- [task.manager] [http-nio-8080-exec-3] io.hawt.web.proxy.ProxyServlet           : Proxy servlet is disabled
2025-04-27T03:08:43.858+03:00  INFO 22662 --- [task.manager] [http-nio-8080-exec-5] o.a.c.c.C.[Tomcat].[localhost].[/]       : jolokia: No access restrictor found, access to any MBean is allowed
2025-04-27T03:13:42.783+03:00  INFO 22662 --- [task.manager] [TaskThread-2] c.b.t.m.s.loadtest.LoadTestService       : Starting load test: 100 tasks at 60 tasks/minute
2025-04-27T03:13:42.784+03:00  INFO 22662 --- [task.manager] [TaskThread-2] c.b.t.m.s.loadtest.LoadTestService       : Task interval: 1000.0ms, Batch size: 1, Batch interval: 1000.0ms
2025-04-27T03:15:21.796+03:00  INFO 22662 --- [task.manager] [TaskThread-2] c.b.t.m.s.loadtest.LoadTestService       : Generated 100 tasks out of 100
2025-04-27T03:15:22.796+03:00  INFO 22662 --- [task.manager] [TaskThread-2] c.b.t.m.s.loadtest.LoadTestService       : Load test completed: Generated 100 tasks in 100.011 seconds (59.993400725920154 tasks/minute)
2025-04-27T03:17:46.252+03:00  WARN 22662 --- [task.manager] [org.springframework.jms.JmsListenerEndpointContainer#2-1] o.s.j.l.DefaultMessageListenerContainer  : Execution of JMS message listener failed, and no ErrorHandler has been set.

org.springframework.jms.listener.adapter.ListenerExecutionFailedException: Listener method 'public void com.barmao.task.manager.event.TaskEventListener.receiveTaskCompletedMessage(com.barmao.task.manager.event.TaskEvents$TaskCompletedEvent)' threw exception
	at org.springframework.jms.listener.adapter.MessagingMessageListenerAdapter.invokeHandler(MessagingMessageListenerAdapter.java:118) ~[spring-jms-6.2.6.jar:6.2.6]
	at org.springframework.jms.listener.adapter.MessagingMessageListenerAdapter.onMessage(MessagingMessageListenerAdapter.java:84) ~[spring-jms-6.2.6.jar:6.2.6]
	at org.springframework.jms.listener.AbstractMessageListenerContainer.doInvokeListener(AbstractMessageListenerContainer.java:819) ~[spring-jms-6.2.6.jar:6.2.6]
	at org.springframework.jms.listener.AbstractMessageListenerContainer.invokeListener(AbstractMessageListenerContainer.java:776) ~[spring-jms-6.2.6.jar:6.2.6]
	at org.springframework.jms.listener.AbstractMessageListenerContainer.doExecuteListener(AbstractMessageListenerContainer.java:754) ~[spring-jms-6.2.6.jar:6.2.6]
	at org.springframework.jms.listener.AbstractPollingMessageListenerContainer.doReceiveAndExecute(AbstractPollingMessageListenerContainer.java:333) ~[spring-jms-6.2.6.jar:6.2.6]
	at org.springframework.jms.listener.AbstractPollingMessageListenerContainer.receiveAndExecute(AbstractPollingMessageListenerContainer.java:270) ~[spring-jms-6.2.6.jar:6.2.6]
	at org.springframework.jms.listener.DefaultMessageListenerContainer$AsyncMessageListenerInvoker.invokeListener(DefaultMessageListenerContainer.java:1420) ~[spring-jms-6.2.6.jar:6.2.6]
	at org.springframework.jms.listener.DefaultMessageListenerContainer$AsyncMessageListenerInvoker.executeOngoingLoop(DefaultMessageListenerContainer.java:1410) ~[spring-jms-6.2.6.jar:6.2.6]
	at org.springframework.jms.listener.DefaultMessageListenerContainer$AsyncMessageListenerInvoker.run(DefaultMessageListenerContainer.java:1287) ~[spring-jms-6.2.6.jar:6.2.6]
	at java.base/java.lang.Thread.run(Thread.java:840) ~[na:na]
Caused by: org.springframework.jms.support.converter.MessageConversionException: Could not find type id property [_type] on message [ID:barmao-Latitude-7490-41577-1745712421289-6:1:1:1:1] from destination [topic://task-completed]
	at org.springframework.jms.support.converter.MappingJackson2MessageConverter.getJavaTypeForMessage(MappingJackson2MessageConverter.java:460) ~[spring-jms-6.2.6.jar:6.2.6]
	at org.springframework.jms.support.converter.MappingJackson2MessageConverter.fromMessage(MappingJackson2MessageConverter.java:241) ~[spring-jms-6.2.6.jar:6.2.6]
	at org.springframework.jms.listener.adapter.AbstractAdaptableMessageListener.extractMessage(AbstractAdaptableMessageListener.java:250) ~[spring-jms-6.2.6.jar:6.2.6]
	at org.springframework.jms.listener.adapter.AbstractAdaptableMessageListener$MessagingMessageConverterAdapter.extractPayload(AbstractAdaptableMessageListener.java:472) ~[spring-jms-6.2.6.jar:6.2.6]
	at org.springframework.jms.listener.adapter.AbstractAdaptableMessageListener$MessagingMessageConverterAdapter$LazyResolutionMessage.unwrapPayload(AbstractAdaptableMessageListener.java:539) ~[spring-jms-6.2.6.jar:6.2.6]
	at org.springframework.jms.listener.adapter.AbstractAdaptableMessageListener$MessagingMessageConverterAdapter$LazyResolutionMessage.getPayload(AbstractAdaptableMessageListener.java:521) ~[spring-jms-6.2.6.jar:6.2.6]
	at org.springframework.messaging.handler.annotation.support.PayloadMethodArgumentResolver.resolveArgument(PayloadMethodArgumentResolver.java:122) ~[spring-messaging-6.2.6.jar:6.2.6]
	at org.springframework.messaging.handler.invocation.HandlerMethodArgumentResolverComposite.resolveArgument(HandlerMethodArgumentResolverComposite.java:118) ~[spring-messaging-6.2.6.jar:6.2.6]
	at org.springframework.messaging.handler.invocation.InvocableHandlerMethod.getMethodArgumentValues(InvocableHandlerMethod.java:147) ~[spring-messaging-6.2.6.jar:6.2.6]
	at org.springframework.messaging.handler.invocation.InvocableHandlerMethod.invoke(InvocableHandlerMethod.java:115) ~[spring-messaging-6.2.6.jar:6.2.6]
	at org.springframework.jms.listener.adapter.MessagingMessageListenerAdapter.invokeHandler(MessagingMessageListenerAdapter.java:110) ~[spring-jms-6.2.6.jar:6.2.6]
	... 10 common frames omitted

2025-04-27T03:52:53.012+03:00  INFO 22662 --- [task.manager] [ActiveMQ ShutdownHook] o.apache.activemq.broker.BrokerService   : Apache ActiveMQ 6.1.6 (localhost, ID:barmao-Latitude-7490-41577-1745712421289-0:1) is shutting down
2025-04-27T03:52:53.025+03:00  INFO 22662 --- [task.manager] [ActiveMQ Connection Executor: vm://localhost#0] o.s.j.c.CachingConnectionFactory         : Encountered a JMSException - resetting the underlying JMS Connection

jakarta.jms.JMSException: peer (vm://localhost#1) stopped.
	at org.apache.activemq.util.JMSExceptionSupport.create(JMSExceptionSupport.java:67) ~[activemq-client-6.1.6.jar:6.1.6]
	at org.apache.activemq.ActiveMQConnection.onAsyncException(ActiveMQConnection.java:2033) ~[activemq-client-6.1.6.jar:6.1.6]
	at org.apache.activemq.ActiveMQConnection.onException(ActiveMQConnection.java:2052) ~[activemq-client-6.1.6.jar:6.1.6]
	at org.apache.activemq.transport.TransportFilter.onException(TransportFilter.java:114) ~[activemq-client-6.1.6.jar:6.1.6]
	at org.apache.activemq.transport.ResponseCorrelator.onException(ResponseCorrelator.java:126) ~[activemq-client-6.1.6.jar:6.1.6]
	at org.apache.activemq.transport.TransportFilter.onException(TransportFilter.java:114) ~[activemq-client-6.1.6.jar:6.1.6]
	at org.apache.activemq.transport.vm.VMTransport.stop(VMTransport.java:233) ~[activemq-broker-6.1.6.jar:6.1.6]
	at org.apache.activemq.transport.TransportFilter.stop(TransportFilter.java:72) ~[activemq-client-6.1.6.jar:6.1.6]
	at org.apache.activemq.transport.TransportFilter.stop(TransportFilter.java:72) ~[activemq-client-6.1.6.jar:6.1.6]
	at org.apache.activemq.transport.ResponseCorrelator.stop(ResponseCorrelator.java:132) ~[activemq-client-6.1.6.jar:6.1.6]
	at org.apache.activemq.broker.TransportConnection.doStop(TransportConnection.java:1204) ~[activemq-broker-6.1.6.jar:6.1.6]
	at org.apache.activemq.broker.TransportConnection$4.run(TransportConnection.java:1170) ~[activemq-broker-6.1.6.jar:6.1.6]
	at java.base/java.util.concurrent.ThreadPoolExecutor.runWorker(ThreadPoolExecutor.java:1136) ~[na:na]
	at java.base/java.util.concurrent.ThreadPoolExecutor$Worker.run(ThreadPoolExecutor.java:635) ~[na:na]
	at java.base/java.lang.Thread.run(Thread.java:840) ~[na:na]
Caused by: org.apache.activemq.transport.TransportDisposedIOException: peer (vm://localhost#1) stopped.
	... 9 common frames omitted

2025-04-27T03:52:53.035+03:00  INFO 22662 --- [task.manager] [ActiveMQ ShutdownHook] o.a.activemq.broker.TransportConnector   : Connector vm://localhost stopped
2025-04-27T03:52:53.037+03:00  WARN 22662 --- [task.manager] [ActiveMQ Connection Executor: vm://localhost#0] o.s.j.c.CachingConnectionFactory         : Could not close shared JMS Connection

jakarta.jms.JMSException: Disposed due to prior exception
	at org.apache.activemq.util.JMSExceptionSupport.create(JMSExceptionSupport.java:91) ~[activemq-client-6.1.6.jar:6.1.6]
	at org.apache.activemq.ActiveMQConnection.syncSendPacket(ActiveMQConnection.java:1483) ~[activemq-client-6.1.6.jar:6.1.6]
	at org.apache.activemq.ActiveMQConnection.close(ActiveMQConnection.java:729) ~[activemq-client-6.1.6.jar:6.1.6]
	at org.springframework.jms.connection.SingleConnectionFactory.closeConnection(SingleConnectionFactory.java:582) ~[spring-jms-6.2.6.jar:6.2.6]
	at org.springframework.jms.connection.SingleConnectionFactory.resetConnection(SingleConnectionFactory.java:560) ~[spring-jms-6.2.6.jar:6.2.6]
	at org.springframework.jms.connection.CachingConnectionFactory.resetConnection(CachingConnectionFactory.java:234) ~[spring-jms-6.2.6.jar:6.2.6]
	at org.springframework.jms.connection.SingleConnectionFactory.onException(SingleConnectionFactory.java:356) ~[spring-jms-6.2.6.jar:6.2.6]
	at org.springframework.jms.connection.SingleConnectionFactory$AggregatedExceptionListener.onException(SingleConnectionFactory.java:826) ~[spring-jms-6.2.6.jar:6.2.6]
	at org.apache.activemq.ActiveMQConnection$5.run(ActiveMQConnection.java:2040) ~[activemq-client-6.1.6.jar:6.1.6]
	at java.base/java.util.concurrent.ThreadPoolExecutor.runWorker(ThreadPoolExecutor.java:1136) ~[na:na]
	at java.base/java.util.concurrent.ThreadPoolExecutor$Worker.run(ThreadPoolExecutor.java:635) ~[na:na]
	at java.base/java.lang.Thread.run(Thread.java:840) ~[na:na]
Caused by: org.apache.activemq.transport.TransportDisposedIOException: Disposed due to prior exception
	at org.apache.activemq.transport.ResponseCorrelator.onException(ResponseCorrelator.java:125) ~[activemq-client-6.1.6.jar:6.1.6]
	at org.apache.activemq.transport.TransportFilter.onException(TransportFilter.java:114) ~[activemq-client-6.1.6.jar:6.1.6]
	at org.apache.activemq.transport.vm.VMTransport.stop(VMTransport.java:233) ~[activemq-broker-6.1.6.jar:6.1.6]
	at org.apache.activemq.transport.TransportFilter.stop(TransportFilter.java:72) ~[activemq-client-6.1.6.jar:6.1.6]
	at org.apache.activemq.transport.TransportFilter.stop(TransportFilter.java:72) ~[activemq-client-6.1.6.jar:6.1.6]
	at org.apache.activemq.transport.ResponseCorrelator.stop(ResponseCorrelator.java:132) ~[activemq-client-6.1.6.jar:6.1.6]
	at org.apache.activemq.broker.TransportConnection.doStop(TransportConnection.java:1204) ~[activemq-broker-6.1.6.jar:6.1.6]
	at org.apache.activemq.broker.TransportConnection$4.run(TransportConnection.java:1170) ~[activemq-broker-6.1.6.jar:6.1.6]
	... 3 common frames omitted
Caused by: org.apache.activemq.transport.TransportDisposedIOException: peer (vm://localhost#1) stopped.
	... 9 common frames omitted

2025-04-27T03:52:53.043+03:00  INFO 22662 --- [task.manager] [SpringApplicationShutdownHook] o.s.b.w.e.tomcat.GracefulShutdown        : Commencing graceful shutdown. Waiting for active requests to complete
2025-04-27T03:52:53.043+03:00  INFO 22662 --- [task.manager] [ActiveMQ ShutdownHook] o.apache.activemq.broker.BrokerService   : Apache ActiveMQ 6.1.6 (localhost, ID:barmao-Latitude-7490-41577-1745712421289-0:1) uptime 45 minutes
2025-04-27T03:52:53.045+03:00  INFO 22662 --- [task.manager] [ActiveMQ ShutdownHook] o.apache.activemq.broker.BrokerService   : Apache ActiveMQ 6.1.6 (localhost, ID:barmao-Latitude-7490-41577-1745712421289-0:1) is shutdown
2025-04-27T03:52:53.051+03:00  INFO 22662 --- [task.manager] [tomcat-shutdown] o.s.b.w.e.tomcat.GracefulShutdown        : Graceful shutdown complete
2025-04-27T03:52:53.074+03:00  INFO 22662 --- [task.manager] [SpringApplicationShutdownHook] j.LocalContainerEntityManagerFactoryBean : Closing JPA EntityManagerFactory for persistence unit 'default'
2025-04-27T03:52:53.084+03:00  INFO 22662 --- [task.manager] [SpringApplicationShutdownHook] com.zaxxer.hikari.HikariDataSource       : HikariPool-1 - Shutdown initiated...
2025-04-27T03:52:53.090+03:00  INFO 22662 --- [task.manager] [SpringApplicationShutdownHook] com.zaxxer.hikari.HikariDataSource       : HikariPool-1 - Shutdown completed.
2025-04-27T03:52:53.201+03:00  INFO 22662 --- [task.manager] [SpringApplicationShutdownHook] io.hawt.web.auth.AuthenticationFilter    : Destroying hawtio authentication filter
2025-04-27T03:52:53.202+03:00  INFO 22662 --- [task.manager] [SpringApplicationShutdownHook] io.hawt.web.auth.AuthenticationFilter    : Destroying hawtio authentication filter
2025-04-27T03:52:53.202+03:00  INFO 22662 --- [task.manager] [SpringApplicationShutdownHook] io.hawt.web.auth.AuthenticationFilter    : Destroying hawtio authentication filter
2025-04-27T03:52:53.204+03:00  INFO 22662 --- [task.manager] [SpringApplicationShutdownHook] io.hawt.HawtioContextListener            : Destroying Hawtio services
